This is ApacheBench, Version 2.3 <$Revision: 1706008 $>
Copyright 1996 Adam Twiss, Zeus Technology Ltd, http://www.zeustech.net/
Licensed to The Apache Software Foundation, http://www.apache.org/

Benchmarking localhost (be patient).....done


Server Software:        
Server Hostname:        localhost
Server Port:            3000

Document Path:          /functionalnative
Document Length:        29 bytes

Concurrency Level:      4
Time taken for tests:   0.612 seconds
Complete requests:      20
Failed requests:        0
Total transferred:      4620 bytes
HTML transferred:       580 bytes
Requests per second:    32.70 [#/sec] (mean)
Time per request:       122.343 [ms] (mean)
Time per request:       30.586 [ms] (mean, across all concurrent requests)
Transfer rate:          7.38 [Kbytes/sec] received

Connection Times (ms)
              min  mean[+/-sd] median   max
Connect:        0    0   0.0      0       0
Processing:    75  118  41.2    103     201
Waiting:       75  118  40.9    103     200
Total:         76  118  41.2    103     201

Percentage of the requests served within a certain time (ms)
  50%    103
  66%    112
  75%    124
  80%    184
  90%    199
  95%    201
  98%    201
  99%    201
 100%    201 (longest request)
