This is ApacheBench, Version 2.3 <$Revision: 1706008 $>
Copyright 1996 Adam Twiss, Zeus Technology Ltd, http://www.zeustech.net/
Licensed to The Apache Software Foundation, http://www.apache.org/

Benchmarking localhost (be patient).....done


Server Software:        
Server Hostname:        localhost
Server Port:            3000

Document Path:          /functionalramda
Document Length:        29 bytes

Concurrency Level:      4
Time taken for tests:   0.463 seconds
Complete requests:      20
Failed requests:        0
Total transferred:      4620 bytes
HTML transferred:       580 bytes
Requests per second:    43.24 [#/sec] (mean)
Time per request:       92.500 [ms] (mean)
Time per request:       23.125 [ms] (mean, across all concurrent requests)
Transfer rate:          9.76 [Kbytes/sec] received

Connection Times (ms)
              min  mean[+/-sd] median   max
Connect:        0    0   0.0      0       0
Processing:    74   89   7.6     90     108
Waiting:       74   89   7.6     90     108
Total:         74   89   7.6     90     108

Percentage of the requests served within a certain time (ms)
  50%     90
  66%     92
  75%     94
  80%     95
  90%     99
  95%    108
  98%    108
  99%    108
 100%    108 (longest request)
