This is ApacheBench, Version 2.3 <$Revision: 1706008 $>
Copyright 1996 Adam Twiss, Zeus Technology Ltd, http://www.zeustech.net/
Licensed to The Apache Software Foundation, http://www.apache.org/

Benchmarking localhost (be patient).....done


Server Software:        
Server Hostname:        localhost
Server Port:            3000

Document Path:          /functionalasync
Document Length:        31 bytes

Concurrency Level:      4
Time taken for tests:   91.192 seconds
Complete requests:      20
Failed requests:        0
Total transferred:      4660 bytes
HTML transferred:       620 bytes
Requests per second:    0.22 [#/sec] (mean)
Time per request:       18238.365 [ms] (mean)
Time per request:       4559.591 [ms] (mean, across all concurrent requests)
Transfer rate:          0.05 [Kbytes/sec] received

Connection Times (ms)
              min  mean[+/-sd] median   max
Connect:        0    0   0.0      0       0
Processing:  4184 16910 3793.3  17909   19597
Waiting:     4184 16910 3793.3  17909   19597
Total:       4184 16910 3793.4  17909   19597

Percentage of the requests served within a certain time (ms)
  50%  17909
  66%  18076
  75%  18788
  80%  18822
  90%  19574
  95%  19597
  98%  19597
  99%  19597
 100%  19597 (longest request)
